
ROM used:   626/8192 (8%)
            626/8192 (8%) including unused fragments

            0.7 Average locations per line
            4.7 Average locations per statement

RAM used:   39/368 (11%) at main() level
            48/368 (13%) worst case

Stack used: 1 worst case (0 in main + 1 for interrupts)
Stack size: 8

Lines Stmts  %   Files
----- ----- ---  -----
  197   133 100  main.c
   10     0   0  main.h
  629     0   0  ..\..\..\..\Program Files (x86)\PICC\Devices\16F877.h
----- -----
  836   133 Total

Page ROM  %  RAM   Vol Diff  Functions:
---- --- --- ---   --- ----  ----------
0     20   3    1             @delay_ms1
0    127  20    1   773  5.3  timer1
0     21   3    3             @DIV88
0     46   7    1   132  2.2  SaatGoster
0    297  47    2  2529  7.9  AlarmGoster
0     66  11    1   396  4.2  MAIN
 Inline         0             @cinit1

Program metrics:
    Functions               4
    Statements              133
    Comments                111
    Volume (V)              4720
    Difficulty (D)          19.6
    Effort to implement (E) 92595
    Time to implement (T)   1 hours, 26 minutes
    Est Delivered Bugs (B)  1
    Cyclomatic Complexity   27
    Maintainability (MI)    124

 Segment     Used  Free
-----------  ----  ----
00000-00003     4  0  
00004-00030    45  0  
00031-007FF   577  1422  
00800-00FFF     0  2048  
01000-017FF     0  2048  
01800-01FFF     0  2048  



